[2025-03-10 13:43:40] Mot de passe trop court.
[2025-03-10 13:43:47] Mot de passe trop court.
[2025-03-10 13:43:47] Mot de passe trop court.
[2025-03-10 13:43:48] Mot de passe trop court.
[2025-03-10 13:43:48] Mot de passe trop court.
[2025-03-10 13:43:52] Email invalide : admin555@gmailcom
[2025-03-10 13:43:52] Email invalide : admin555@gmailcom
[2025-03-10 13:47:50] Mot de passe trop court.
[2025-03-10 13:48:08] Mot de passe trop court.
[2025-03-10 13:48:09] Mot de passe trop court.
[2025-03-10 13:48:09] Mot de passe trop court.
[2025-03-10 13:48:10] Mot de passe trop court.
[2025-03-10 13:48:10] Mot de passe trop court.
[2025-03-10 13:48:10] Mot de passe trop court.
[2025-03-10 13:48:17] Mot de passe trop court.
[2025-03-10 13:49:11] Mot de passe trop simple.
[2025-03-10 13:49:21] Pseudonyme déjà utilisé : 2122
[2025-03-10 13:49:39] Email invalide : admin5@gmailcom
[2025-03-10 13:49:44] Email invalide : admin55@gmailcom
[2025-03-10 13:49:52] Mot de passe trop simple.
[2025-03-10 13:50:00] Mot de passe trop simple.
[2025-03-10 13:50:01] Mot de passe trop simple.
[2025-03-10 13:50:10] Email déjà utilisé : admin55@gmai.com
[2025-03-10 13:50:11] Email déjà utilisé : admin55@gmai.com
[2025-03-10 14:33:38] Email invalide : damien@gmailcom
